INFO  06:41:09 Application started. Press Ctrl+C to shut down.
INFO  06:41:09 Application started. Press Ctrl+C to shut down.
INFO  06:41:09 Hosting environment: Development
INFO  06:41:09 Hosting environment: Development
INFO  06:41:09 Content root path: C:\Users\user\source\repos\account-master\AccountMicroservice
INFO  06:41:09 Content root path: C:\Users\user\source\repos\account-master\AccountMicroservice
INFO  06:45:39 Application started. Press Ctrl+C to shut down.
INFO  06:45:39 Application started. Press Ctrl+C to shut down.
INFO  06:45:39 Hosting environment: Development
INFO  06:45:39 Hosting environment: Development
INFO  06:45:39 Content root path: C:\Users\user\source\repos\account-master\AccountMicroservice
INFO  06:45:39 Content root path: C:\Users\user\source\repos\account-master\AccountMicroservice
INFO  06:46:47  Getting Account Info
INFO  11:51:05 Application started. Press Ctrl+C to shut down.
INFO  11:51:05 Application started. Press Ctrl+C to shut down.
INFO  11:51:05 Hosting environment: Development
INFO  11:51:05 Hosting environment: Development
INFO  11:51:05 Content root path: C:\Users\Shruti Kumari\Desktop\MyProject\AccFol\AccountMicroservice
INFO  11:51:05 Content root path: C:\Users\Shruti Kumari\Desktop\MyProject\AccFol\AccountMicroservice
INFO  11:51:59  Got Customer Account
INFO  11:56:41 Application started. Press Ctrl+C to shut down.
INFO  11:56:41 Application started. Press Ctrl+C to shut down.
INFO  11:56:41 Hosting environment: Development
INFO  11:56:41 Hosting environment: Development
INFO  11:56:41 Content root path: C:\Users\Shruti Kumari\Desktop\MyProject\AccFol\AccountMicroservice
INFO  11:56:41 Content root path: C:\Users\Shruti Kumari\Desktop\MyProject\AccFol\AccountMicroservice
INFO  11:57:19  Got Customer Account
INFO  12:25:40 Application started. Press Ctrl+C to shut down.
INFO  12:25:40 Application started. Press Ctrl+C to shut down.
INFO  12:25:40 Hosting environment: Development
INFO  12:25:40 Hosting environment: Development
INFO  12:25:40 Content root path: C:\Users\Shruti Kumari\Desktop\MyProject\AccFol\AccountMicroservice
INFO  12:25:40 Content root path: C:\Users\Shruti Kumari\Desktop\MyProject\AccFol\AccountMicroservice
INFO  12:27:24 Application started. Press Ctrl+C to shut down.
INFO  12:27:24 Application started. Press Ctrl+C to shut down.
INFO  12:27:24 Hosting environment: Development
INFO  12:27:24 Hosting environment: Development
INFO  12:27:24 Content root path: C:\Users\Shruti Kumari\Desktop\MyProject\AccFol\AccountMicroservice
INFO  12:27:24 Content root path: C:\Users\Shruti Kumari\Desktop\MyProject\AccFol\AccountMicroservice
INFO  12:27:51 Amount Withdrawn
INFO  12:28:14  Getting Account Info
INFO  12:28:31  Getting Account Info
INFO  12:28:52 Amount Withdrawn
INFO  12:28:55 Amount Withdrawn
INFO  12:29:28 Amount Transferred
INFO  01:33:21 Application started. Press Ctrl+C to shut down.
INFO  01:33:21 Application started. Press Ctrl+C to shut down.
INFO  01:33:21 Hosting environment: Development
INFO  01:33:21 Hosting environment: Development
INFO  01:33:21 Content root path: C:\Users\Shruti Kumari\Desktop\MyProject\AccFol\AccountMicroservice
INFO  01:33:21 Content root path: C:\Users\Shruti Kumari\Desktop\MyProject\AccFol\AccountMicroservice
INFO  01:33:32  Got Customer Account
INFO  01:33:57  Amount Deposited 
INFO  01:34:07  Got Customer Account
INFO  01:34:11  Got Customer Account
INFO  01:34:19  Got Customer Account
INFO  01:37:38  Got Customer Account
INFO  01:37:57  Amount Deposited 
INFO  01:38:15  Got Customer Account
INFO  01:38:23  Got Customer Account
INFO  01:44:30 Application started. Press Ctrl+C to shut down.
INFO  01:44:30 Application started. Press Ctrl+C to shut down.
INFO  01:44:30 Hosting environment: Development
INFO  01:44:30 Hosting environment: Development
INFO  01:44:30 Content root path: C:\Users\Shruti Kumari\Desktop\MyProject\AccFol\AccountMicroservice
INFO  01:44:30 Content root path: C:\Users\Shruti Kumari\Desktop\MyProject\AccFol\AccountMicroservice
INFO  01:44:45  Got Customer Account
INFO  01:45:10  Getting Account Info
INFO  01:46:59 Application started. Press Ctrl+C to shut down.
INFO  01:46:59 Application started. Press Ctrl+C to shut down.
INFO  01:46:59 Hosting environment: Development
INFO  01:46:59 Hosting environment: Development
INFO  01:46:59 Content root path: C:\Users\Shruti Kumari\Desktop\MyProject\AccFol\AccountMicroservice
INFO  01:46:59 Content root path: C:\Users\Shruti Kumari\Desktop\MyProject\AccFol\AccountMicroservice
INFO  01:47:13  Got Customer Account
INFO  01:47:25  Getting Account Info
INFO  01:47:32  Getting Account Info
INFO  01:48:32 Application started. Press Ctrl+C to shut down.
INFO  01:48:32 Application started. Press Ctrl+C to shut down.
INFO  01:48:32 Hosting environment: Development
INFO  01:48:32 Hosting environment: Development
INFO  01:48:32 Content root path: C:\Users\Shruti Kumari\Desktop\MyProject\AccFol\AccountMicroservice
INFO  01:48:32 Content root path: C:\Users\Shruti Kumari\Desktop\MyProject\AccFol\AccountMicroservice
INFO  01:49:01  Getting Account Info
INFO  01:49:25  Amount Deposited 
INFO  01:49:34  Getting Account Info
INFO  01:49:38  Getting Account Info
INFO  01:49:39  Getting Account Info
INFO  03:37:45 Application started. Press Ctrl+C to shut down.
INFO  03:37:46 Application started. Press Ctrl+C to shut down.
INFO  03:37:46 Hosting environment: Development
INFO  03:37:46 Hosting environment: Development
INFO  03:37:46 Content root path: C:\Users\Shruti Kumari\Desktop\MyProject\AccFol\AccountMicroservice
INFO  03:37:46 Content root path: C:\Users\Shruti Kumari\Desktop\MyProject\AccFol\AccountMicroservice
INFO  03:37:56  Got Customer Account
INFO  03:38:09  Getting Account Info
INFO  03:39:43 Application started. Press Ctrl+C to shut down.
INFO  03:39:43 Application started. Press Ctrl+C to shut down.
INFO  03:39:43 Hosting environment: Development
INFO  03:39:43 Hosting environment: Development
INFO  03:39:43 Content root path: C:\Users\Shruti Kumari\Desktop\MyProject\AccFol\AccountMicroservice
INFO  03:39:43 Content root path: C:\Users\Shruti Kumari\Desktop\MyProject\AccFol\AccountMicroservice
INFO  03:39:55  Getting Account Info
INFO  04:46:15 Application started. Press Ctrl+C to shut down.
INFO  04:46:15 Application started. Press Ctrl+C to shut down.
INFO  04:46:15 Hosting environment: Development
INFO  04:46:15 Hosting environment: Development
INFO  04:46:15 Content root path: C:\Users\Shruti Kumari\Desktop\MyProject\AccFol\AccountMicroservice
INFO  04:46:15 Content root path: C:\Users\Shruti Kumari\Desktop\MyProject\AccFol\AccountMicroservice
INFO  04:46:26  Got Customer Account
INFO  04:46:44  Amount Deposited 
INFO  04:50:21 Application started. Press Ctrl+C to shut down.
INFO  04:50:21 Application started. Press Ctrl+C to shut down.
INFO  04:50:21 Hosting environment: Development
INFO  04:50:21 Hosting environment: Development
INFO  04:50:21 Content root path: C:\Users\Shruti Kumari\Desktop\MyProject\AccFol\AccountMicroservice
INFO  04:50:21 Content root path: C:\Users\Shruti Kumari\Desktop\MyProject\AccFol\AccountMicroservice
INFO  04:50:43  Getting Account Info
INFO  04:58:43 Application started. Press Ctrl+C to shut down.
INFO  04:58:43 Application started. Press Ctrl+C to shut down.
INFO  04:58:43 Hosting environment: Development
INFO  04:58:43 Hosting environment: Development
INFO  04:58:43 Content root path: C:\Users\Shruti Kumari\Desktop\MyProject\AccFol\AccountMicroservice
INFO  04:58:43 Content root path: C:\Users\Shruti Kumari\Desktop\MyProject\AccFol\AccountMicroservice
INFO  04:58:56  Got Customer Account
INFO  04:59:08  Getting Account Info
ERROR 04:59:15 An unhandled exception has occurred while executing the request.
System.NullReferenceException: Object reference not set to an instance of an object.
   at AccountMicroservice.Controllers.AccountController.getAccount(Int32 id) in C:\Users\Shruti Kumari\Desktop\MyProject\AccFol\AccountMicroservice\Controllers\AccountController.cs:line 111
   at lambda_method(Closure , Object , Object[] )
   at Microsoft.Extensions.Internal.ObjectMethodExecutor.Execute(Object target, Object[] parameters)
   at Microsoft.AspNetCore.Mvc.Infrastructure.ActionMethodExecutor.SyncObjectResultExecutor.Execute(IActionResultTypeMapper mapper, ObjectMethodExecutor executor, Object controller, Object[] arguments)
   at Microsoft.AspNetCore.Mvc.Infrastructure.ControllerActionInvoker.InvokeActionMethodAsync()
   at Microsoft.AspNetCore.Mvc.Infrastructure.ControllerActionInvoker.Next(State& next, Scope& scope, Object& state, Boolean& isCompleted)
   at Microsoft.AspNetCore.Mvc.Infrastructure.ControllerActionInvoker.InvokeNextActionFilterAsync()
--- End of stack trace from previous location where exception was thrown ---
   at Microsoft.AspNetCore.Mvc.Infrastructure.ControllerActionInvoker.Rethrow(ActionExecutedContextSealed context)
   at Microsoft.AspNetCore.Mvc.Infrastructure.ControllerActionInvoker.Next(State& next, Scope& scope, Object& state, Boolean& isCompleted)
   at Microsoft.AspNetCore.Mvc.Infrastructure.ControllerActionInvoker.InvokeInnerFilterAsync()
--- End of stack trace from previous location where exception was thrown ---
   at Microsoft.AspNetCore.Mvc.Infrastructure.ResourceInvoker.<InvokeFilterPipelineAsync>g__Awaited|19_0(ResourceInvoker invoker, Task lastTask, State next, Scope scope, Object state, Boolean isCompleted)
   at Microsoft.AspNetCore.Mvc.Infrastructure.ResourceInvoker.<InvokeAsync>g__Awaited|17_0(ResourceInvoker invoker, Task task, IDisposable scope)
   at Microsoft.AspNetCore.Routing.EndpointMiddleware.<Invoke>g__AwaitRequestTask|6_0(Endpoint endpoint, Task requestTask, ILogger logger)
   at Microsoft.AspNetCore.Authorization.AuthorizationMiddleware.Invoke(HttpContext context)
   at Swashbuckle.AspNetCore.SwaggerUI.SwaggerUIMiddleware.Invoke(HttpContext httpContext)
   at Swashbuckle.AspNetCore.Swagger.SwaggerMiddleware.Invoke(HttpContext httpContext, ISwaggerProvider swaggerProvider)
   at Microsoft.AspNetCore.Diagnostics.DeveloperExceptionPageMiddleware.Invoke(HttpContext context)
ERROR 04:59:15 An unhandled exception has occurred while executing the request.
System.NullReferenceException: Object reference not set to an instance of an object.
   at AccountMicroservice.Controllers.AccountController.getAccount(Int32 id) in C:\Users\Shruti Kumari\Desktop\MyProject\AccFol\AccountMicroservice\Controllers\AccountController.cs:line 111
   at lambda_method(Closure , Object , Object[] )
   at Microsoft.Extensions.Internal.ObjectMethodExecutor.Execute(Object target, Object[] parameters)
   at Microsoft.AspNetCore.Mvc.Infrastructure.ActionMethodExecutor.SyncObjectResultExecutor.Execute(IActionResultTypeMapper mapper, ObjectMethodExecutor executor, Object controller, Object[] arguments)
   at Microsoft.AspNetCore.Mvc.Infrastructure.ControllerActionInvoker.InvokeActionMethodAsync()
   at Microsoft.AspNetCore.Mvc.Infrastructure.ControllerActionInvoker.Next(State& next, Scope& scope, Object& state, Boolean& isCompleted)
   at Microsoft.AspNetCore.Mvc.Infrastructure.ControllerActionInvoker.InvokeNextActionFilterAsync()
--- End of stack trace from previous location where exception was thrown ---
   at Microsoft.AspNetCore.Mvc.Infrastructure.ControllerActionInvoker.Rethrow(ActionExecutedContextSealed context)
   at Microsoft.AspNetCore.Mvc.Infrastructure.ControllerActionInvoker.Next(State& next, Scope& scope, Object& state, Boolean& isCompleted)
   at Microsoft.AspNetCore.Mvc.Infrastructure.ControllerActionInvoker.InvokeInnerFilterAsync()
--- End of stack trace from previous location where exception was thrown ---
   at Microsoft.AspNetCore.Mvc.Infrastructure.ResourceInvoker.<InvokeFilterPipelineAsync>g__Awaited|19_0(ResourceInvoker invoker, Task lastTask, State next, Scope scope, Object state, Boolean isCompleted)
   at Microsoft.AspNetCore.Mvc.Infrastructure.ResourceInvoker.<InvokeAsync>g__Awaited|17_0(ResourceInvoker invoker, Task task, IDisposable scope)
   at Microsoft.AspNetCore.Routing.EndpointMiddleware.<Invoke>g__AwaitRequestTask|6_0(Endpoint endpoint, Task requestTask, ILogger logger)
   at Microsoft.AspNetCore.Authorization.AuthorizationMiddleware.Invoke(HttpContext context)
   at Swashbuckle.AspNetCore.SwaggerUI.SwaggerUIMiddleware.Invoke(HttpContext httpContext)
   at Swashbuckle.AspNetCore.Swagger.SwaggerMiddleware.Invoke(HttpContext httpContext, ISwaggerProvider swaggerProvider)
   at Microsoft.AspNetCore.Diagnostics.DeveloperExceptionPageMiddleware.Invoke(HttpContext context)
INFO  05:07:14 Application started. Press Ctrl+C to shut down.
INFO  05:07:14 Application started. Press Ctrl+C to shut down.
INFO  05:07:14 Hosting environment: Development
INFO  05:07:14 Hosting environment: Development
INFO  05:07:14 Content root path: C:\Users\Shruti Kumari\Desktop\MyProject\AccFol\AccountMicroservice
INFO  05:07:14 Content root path: C:\Users\Shruti Kumari\Desktop\MyProject\AccFol\AccountMicroservice
INFO  05:07:48  Got Customer Account
INFO  05:07:59  Getting Account Info
INFO  05:10:57 Application started. Press Ctrl+C to shut down.
INFO  05:10:57 Application started. Press Ctrl+C to shut down.
INFO  05:10:57 Hosting environment: Development
INFO  05:10:57 Hosting environment: Development
INFO  05:10:57 Content root path: C:\Users\Shruti Kumari\Desktop\MyProject\AccFol\AccountMicroservice
INFO  05:10:57 Content root path: C:\Users\Shruti Kumari\Desktop\MyProject\AccFol\AccountMicroservice
INFO  05:11:12  Getting Account Info
INFO  05:11:57  Amount Deposited 
INFO  05:12:11  Got Customer Account
INFO  05:13:04  Getting Account Info
ERROR 05:13:04 An unhandled exception has occurred while executing the request.
System.NullReferenceException: Object reference not set to an instance of an object.
   at AccountMicroservice.Controllers.AccountController.<>c__DisplayClass7_0.<getCustomerAccounts>b__1(CurrentAccount cac) in C:\Users\Shruti Kumari\Desktop\MyProject\AccFol\AccountMicroservice\Controllers\AccountController.cs:line 63
   at System.Collections.Generic.List`1.Find(Predicate`1 match)
   at AccountMicroservice.Controllers.AccountController.getCustomerAccounts(Int32 id) in C:\Users\Shruti Kumari\Desktop\MyProject\AccFol\AccountMicroservice\Controllers\AccountController.cs:line 63
   at lambda_method(Closure , Object , Object[] )
   at Microsoft.Extensions.Internal.ObjectMethodExecutor.Execute(Object target, Object[] parameters)
   at Microsoft.AspNetCore.Mvc.Infrastructure.ActionMethodExecutor.SyncObjectResultExecutor.Execute(IActionResultTypeMapper mapper, ObjectMethodExecutor executor, Object controller, Object[] arguments)
   at Microsoft.AspNetCore.Mvc.Infrastructure.ControllerActionInvoker.InvokeActionMethodAsync()
   at Microsoft.AspNetCore.Mvc.Infrastructure.ControllerActionInvoker.Next(State& next, Scope& scope, Object& state, Boolean& isCompleted)
   at Microsoft.AspNetCore.Mvc.Infrastructure.ControllerActionInvoker.InvokeNextActionFilterAsync()
--- End of stack trace from previous location where exception was thrown ---
   at Microsoft.AspNetCore.Mvc.Infrastructure.ControllerActionInvoker.Rethrow(ActionExecutedContextSealed context)
   at Microsoft.AspNetCore.Mvc.Infrastructure.ControllerActionInvoker.Next(State& next, Scope& scope, Object& state, Boolean& isCompleted)
   at Microsoft.AspNetCore.Mvc.Infrastructure.ControllerActionInvoker.InvokeInnerFilterAsync()
--- End of stack trace from previous location where exception was thrown ---
   at Microsoft.AspNetCore.Mvc.Infrastructure.ResourceInvoker.<InvokeFilterPipelineAsync>g__Awaited|19_0(ResourceInvoker invoker, Task lastTask, State next, Scope scope, Object state, Boolean isCompleted)
   at Microsoft.AspNetCore.Mvc.Infrastructure.ResourceInvoker.<InvokeAsync>g__Awaited|17_0(ResourceInvoker invoker, Task task, IDisposable scope)
   at Microsoft.AspNetCore.Routing.EndpointMiddleware.<Invoke>g__AwaitRequestTask|6_0(Endpoint endpoint, Task requestTask, ILogger logger)
   at Microsoft.AspNetCore.Authorization.AuthorizationMiddleware.Invoke(HttpContext context)
   at Swashbuckle.AspNetCore.SwaggerUI.SwaggerUIMiddleware.Invoke(HttpContext httpContext)
   at Swashbuckle.AspNetCore.Swagger.SwaggerMiddleware.Invoke(HttpContext httpContext, ISwaggerProvider swaggerProvider)
   at Microsoft.AspNetCore.Diagnostics.DeveloperExceptionPageMiddleware.Invoke(HttpContext context)
ERROR 05:13:04 An unhandled exception has occurred while executing the request.
System.NullReferenceException: Object reference not set to an instance of an object.
   at AccountMicroservice.Controllers.AccountController.<>c__DisplayClass7_0.<getCustomerAccounts>b__1(CurrentAccount cac) in C:\Users\Shruti Kumari\Desktop\MyProject\AccFol\AccountMicroservice\Controllers\AccountController.cs:line 63
   at System.Collections.Generic.List`1.Find(Predicate`1 match)
   at AccountMicroservice.Controllers.AccountController.getCustomerAccounts(Int32 id) in C:\Users\Shruti Kumari\Desktop\MyProject\AccFol\AccountMicroservice\Controllers\AccountController.cs:line 63
   at lambda_method(Closure , Object , Object[] )
   at Microsoft.Extensions.Internal.ObjectMethodExecutor.Execute(Object target, Object[] parameters)
   at Microsoft.AspNetCore.Mvc.Infrastructure.ActionMethodExecutor.SyncObjectResultExecutor.Execute(IActionResultTypeMapper mapper, ObjectMethodExecutor executor, Object controller, Object[] arguments)
   at Microsoft.AspNetCore.Mvc.Infrastructure.ControllerActionInvoker.InvokeActionMethodAsync()
   at Microsoft.AspNetCore.Mvc.Infrastructure.ControllerActionInvoker.Next(State& next, Scope& scope, Object& state, Boolean& isCompleted)
   at Microsoft.AspNetCore.Mvc.Infrastructure.ControllerActionInvoker.InvokeNextActionFilterAsync()
--- End of stack trace from previous location where exception was thrown ---
   at Microsoft.AspNetCore.Mvc.Infrastructure.ControllerActionInvoker.Rethrow(ActionExecutedContextSealed context)
   at Microsoft.AspNetCore.Mvc.Infrastructure.ControllerActionInvoker.Next(State& next, Scope& scope, Object& state, Boolean& isCompleted)
   at Microsoft.AspNetCore.Mvc.Infrastructure.ControllerActionInvoker.InvokeInnerFilterAsync()
--- End of stack trace from previous location where exception was thrown ---
   at Microsoft.AspNetCore.Mvc.Infrastructure.ResourceInvoker.<InvokeFilterPipelineAsync>g__Awaited|19_0(ResourceInvoker invoker, Task lastTask, State next, Scope scope, Object state, Boolean isCompleted)
   at Microsoft.AspNetCore.Mvc.Infrastructure.ResourceInvoker.<InvokeAsync>g__Awaited|17_0(ResourceInvoker invoker, Task task, IDisposable scope)
   at Microsoft.AspNetCore.Routing.EndpointMiddleware.<Invoke>g__AwaitRequestTask|6_0(Endpoint endpoint, Task requestTask, ILogger logger)
   at Microsoft.AspNetCore.Authorization.AuthorizationMiddleware.Invoke(HttpContext context)
   at Swashbuckle.AspNetCore.SwaggerUI.SwaggerUIMiddleware.Invoke(HttpContext httpContext)
   at Swashbuckle.AspNetCore.Swagger.SwaggerMiddleware.Invoke(HttpContext httpContext, ISwaggerProvider swaggerProvider)
   at Microsoft.AspNetCore.Diagnostics.DeveloperExceptionPageMiddleware.Invoke(HttpContext context)
INFO  05:13:07  Getting Account Info
INFO  05:13:40 Application started. Press Ctrl+C to shut down.
INFO  05:13:40 Application started. Press Ctrl+C to shut down.
INFO  05:13:40 Hosting environment: Development
INFO  05:13:40 Hosting environment: Development
INFO  05:13:40 Content root path: C:\Users\Shruti Kumari\Desktop\MyProject\AccFol\AccountMicroservice
INFO  05:13:40 Content root path: C:\Users\Shruti Kumari\Desktop\MyProject\AccFol\AccountMicroservice
INFO  05:13:59  Got Customer Account
INFO  05:14:21  Amount Deposited 
INFO  05:14:27  Got Customer Account
INFO  05:16:28 Application started. Press Ctrl+C to shut down.
INFO  05:16:28 Application started. Press Ctrl+C to shut down.
INFO  05:16:28 Hosting environment: Development
INFO  05:16:28 Hosting environment: Development
INFO  05:16:28 Content root path: C:\Users\Shruti Kumari\Desktop\MyProject\AccFol\AccountMicroservice
INFO  05:16:28 Content root path: C:\Users\Shruti Kumari\Desktop\MyProject\AccFol\AccountMicroservice
INFO  05:18:28  Got Customer Account
INFO  05:23:05 Account Created
INFO  05:24:20  Got Customer Account
ERROR 05:24:31 An unhandled exception has occurred while executing the request.
System.NullReferenceException: Object reference not set to an instance of an object.
   at AccountMicroservice.Controllers.AccountController.<>c__DisplayClass7_0.<getCustomerAccounts>b__1(CurrentAccount cac) in C:\Users\Shruti Kumari\Desktop\MyProject\AccFol\AccountMicroservice\Controllers\AccountController.cs:line 63
   at System.Collections.Generic.List`1.Find(Predicate`1 match)
   at AccountMicroservice.Controllers.AccountController.getCustomerAccounts(Int32 id) in C:\Users\Shruti Kumari\Desktop\MyProject\AccFol\AccountMicroservice\Controllers\AccountController.cs:line 63
   at lambda_method(Closure , Object , Object[] )
   at Microsoft.Extensions.Internal.ObjectMethodExecutor.Execute(Object target, Object[] parameters)
   at Microsoft.AspNetCore.Mvc.Infrastructure.ActionMethodExecutor.SyncObjectResultExecutor.Execute(IActionResultTypeMapper mapper, ObjectMethodExecutor executor, Object controller, Object[] arguments)
   at Microsoft.AspNetCore.Mvc.Infrastructure.ControllerActionInvoker.InvokeActionMethodAsync()
   at Microsoft.AspNetCore.Mvc.Infrastructure.ControllerActionInvoker.Next(State& next, Scope& scope, Object& state, Boolean& isCompleted)
   at Microsoft.AspNetCore.Mvc.Infrastructure.ControllerActionInvoker.InvokeNextActionFilterAsync()
--- End of stack trace from previous location where exception was thrown ---
   at Microsoft.AspNetCore.Mvc.Infrastructure.ControllerActionInvoker.Rethrow(ActionExecutedContextSealed context)
   at Microsoft.AspNetCore.Mvc.Infrastructure.ControllerActionInvoker.Next(State& next, Scope& scope, Object& state, Boolean& isCompleted)
   at Microsoft.AspNetCore.Mvc.Infrastructure.ControllerActionInvoker.InvokeInnerFilterAsync()
--- End of stack trace from previous location where exception was thrown ---
   at Microsoft.AspNetCore.Mvc.Infrastructure.ResourceInvoker.<InvokeFilterPipelineAsync>g__Awaited|19_0(ResourceInvoker invoker, Task lastTask, State next, Scope scope, Object state, Boolean isCompleted)
   at Microsoft.AspNetCore.Mvc.Infrastructure.ResourceInvoker.<InvokeAsync>g__Awaited|17_0(ResourceInvoker invoker, Task task, IDisposable scope)
   at Microsoft.AspNetCore.Routing.EndpointMiddleware.<Invoke>g__AwaitRequestTask|6_0(Endpoint endpoint, Task requestTask, ILogger logger)
   at Microsoft.AspNetCore.Authorization.AuthorizationMiddleware.Invoke(HttpContext context)
   at Swashbuckle.AspNetCore.SwaggerUI.SwaggerUIMiddleware.Invoke(HttpContext httpContext)
   at Swashbuckle.AspNetCore.Swagger.SwaggerMiddleware.Invoke(HttpContext httpContext, ISwaggerProvider swaggerProvider)
   at Microsoft.AspNetCore.Diagnostics.DeveloperExceptionPageMiddleware.Invoke(HttpContext context)
ERROR 05:24:31 An unhandled exception has occurred while executing the request.
System.NullReferenceException: Object reference not set to an instance of an object.
   at AccountMicroservice.Controllers.AccountController.<>c__DisplayClass7_0.<getCustomerAccounts>b__1(CurrentAccount cac) in C:\Users\Shruti Kumari\Desktop\MyProject\AccFol\AccountMicroservice\Controllers\AccountController.cs:line 63
   at System.Collections.Generic.List`1.Find(Predicate`1 match)
   at AccountMicroservice.Controllers.AccountController.getCustomerAccounts(Int32 id) in C:\Users\Shruti Kumari\Desktop\MyProject\AccFol\AccountMicroservice\Controllers\AccountController.cs:line 63
   at lambda_method(Closure , Object , Object[] )
   at Microsoft.Extensions.Internal.ObjectMethodExecutor.Execute(Object target, Object[] parameters)
   at Microsoft.AspNetCore.Mvc.Infrastructure.ActionMethodExecutor.SyncObjectResultExecutor.Execute(IActionResultTypeMapper mapper, ObjectMethodExecutor executor, Object controller, Object[] arguments)
   at Microsoft.AspNetCore.Mvc.Infrastructure.ControllerActionInvoker.InvokeActionMethodAsync()
   at Microsoft.AspNetCore.Mvc.Infrastructure.ControllerActionInvoker.Next(State& next, Scope& scope, Object& state, Boolean& isCompleted)
   at Microsoft.AspNetCore.Mvc.Infrastructure.ControllerActionInvoker.InvokeNextActionFilterAsync()
--- End of stack trace from previous location where exception was thrown ---
   at Microsoft.AspNetCore.Mvc.Infrastructure.ControllerActionInvoker.Rethrow(ActionExecutedContextSealed context)
   at Microsoft.AspNetCore.Mvc.Infrastructure.ControllerActionInvoker.Next(State& next, Scope& scope, Object& state, Boolean& isCompleted)
   at Microsoft.AspNetCore.Mvc.Infrastructure.ControllerActionInvoker.InvokeInnerFilterAsync()
--- End of stack trace from previous location where exception was thrown ---
   at Microsoft.AspNetCore.Mvc.Infrastructure.ResourceInvoker.<InvokeFilterPipelineAsync>g__Awaited|19_0(ResourceInvoker invoker, Task lastTask, State next, Scope scope, Object state, Boolean isCompleted)
   at Microsoft.AspNetCore.Mvc.Infrastructure.ResourceInvoker.<InvokeAsync>g__Awaited|17_0(ResourceInvoker invoker, Task task, IDisposable scope)
   at Microsoft.AspNetCore.Routing.EndpointMiddleware.<Invoke>g__AwaitRequestTask|6_0(Endpoint endpoint, Task requestTask, ILogger logger)
   at Microsoft.AspNetCore.Authorization.AuthorizationMiddleware.Invoke(HttpContext context)
   at Swashbuckle.AspNetCore.SwaggerUI.SwaggerUIMiddleware.Invoke(HttpContext httpContext)
   at Swashbuckle.AspNetCore.Swagger.SwaggerMiddleware.Invoke(HttpContext httpContext, ISwaggerProvider swaggerProvider)
   at Microsoft.AspNetCore.Diagnostics.DeveloperExceptionPageMiddleware.Invoke(HttpContext context)
INFO  05:24:47  Got Customer Account
ERROR 05:25:05 An unhandled exception has occurred while executing the request.
System.NullReferenceException: Object reference not set to an instance of an object.
   at AccountMicroservice.Controllers.AccountController.<>c__DisplayClass7_0.<getCustomerAccounts>b__1(CurrentAccount cac) in C:\Users\Shruti Kumari\Desktop\MyProject\AccFol\AccountMicroservice\Controllers\AccountController.cs:line 63
   at System.Collections.Generic.List`1.Find(Predicate`1 match)
   at AccountMicroservice.Controllers.AccountController.getCustomerAccounts(Int32 id) in C:\Users\Shruti Kumari\Desktop\MyProject\AccFol\AccountMicroservice\Controllers\AccountController.cs:line 63
   at lambda_method(Closure , Object , Object[] )
   at Microsoft.Extensions.Internal.ObjectMethodExecutor.Execute(Object target, Object[] parameters)
   at Microsoft.AspNetCore.Mvc.Infrastructure.ActionMethodExecutor.SyncObjectResultExecutor.Execute(IActionResultTypeMapper mapper, ObjectMethodExecutor executor, Object controller, Object[] arguments)
   at Microsoft.AspNetCore.Mvc.Infrastructure.ControllerActionInvoker.InvokeActionMethodAsync()
   at Microsoft.AspNetCore.Mvc.Infrastructure.ControllerActionInvoker.Next(State& next, Scope& scope, Object& state, Boolean& isCompleted)
   at Microsoft.AspNetCore.Mvc.Infrastructure.ControllerActionInvoker.InvokeNextActionFilterAsync()
--- End of stack trace from previous location where exception was thrown ---
   at Microsoft.AspNetCore.Mvc.Infrastructure.ControllerActionInvoker.Rethrow(ActionExecutedContextSealed context)
   at Microsoft.AspNetCore.Mvc.Infrastructure.ControllerActionInvoker.Next(State& next, Scope& scope, Object& state, Boolean& isCompleted)
   at Microsoft.AspNetCore.Mvc.Infrastructure.ControllerActionInvoker.InvokeInnerFilterAsync()
--- End of stack trace from previous location where exception was thrown ---
   at Microsoft.AspNetCore.Mvc.Infrastructure.ResourceInvoker.<InvokeFilterPipelineAsync>g__Awaited|19_0(ResourceInvoker invoker, Task lastTask, State next, Scope scope, Object state, Boolean isCompleted)
   at Microsoft.AspNetCore.Mvc.Infrastructure.ResourceInvoker.<InvokeAsync>g__Awaited|17_0(ResourceInvoker invoker, Task task, IDisposable scope)
   at Microsoft.AspNetCore.Routing.EndpointMiddleware.<Invoke>g__AwaitRequestTask|6_0(Endpoint endpoint, Task requestTask, ILogger logger)
   at Microsoft.AspNetCore.Authorization.AuthorizationMiddleware.Invoke(HttpContext context)
   at Swashbuckle.AspNetCore.SwaggerUI.SwaggerUIMiddleware.Invoke(HttpContext httpContext)
   at Swashbuckle.AspNetCore.Swagger.SwaggerMiddleware.Invoke(HttpContext httpContext, ISwaggerProvider swaggerProvider)
   at Microsoft.AspNetCore.Diagnostics.DeveloperExceptionPageMiddleware.Invoke(HttpContext context)
INFO  05:25:05  Got Customer Account
ERROR 05:25:05 An unhandled exception has occurred while executing the request.
System.NullReferenceException: Object reference not set to an instance of an object.
   at AccountMicroservice.Controllers.AccountController.<>c__DisplayClass7_0.<getCustomerAccounts>b__1(CurrentAccount cac) in C:\Users\Shruti Kumari\Desktop\MyProject\AccFol\AccountMicroservice\Controllers\AccountController.cs:line 63
   at System.Collections.Generic.List`1.Find(Predicate`1 match)
   at AccountMicroservice.Controllers.AccountController.getCustomerAccounts(Int32 id) in C:\Users\Shruti Kumari\Desktop\MyProject\AccFol\AccountMicroservice\Controllers\AccountController.cs:line 63
   at lambda_method(Closure , Object , Object[] )
   at Microsoft.Extensions.Internal.ObjectMethodExecutor.Execute(Object target, Object[] parameters)
   at Microsoft.AspNetCore.Mvc.Infrastructure.ActionMethodExecutor.SyncObjectResultExecutor.Execute(IActionResultTypeMapper mapper, ObjectMethodExecutor executor, Object controller, Object[] arguments)
   at Microsoft.AspNetCore.Mvc.Infrastructure.ControllerActionInvoker.InvokeActionMethodAsync()
   at Microsoft.AspNetCore.Mvc.Infrastructure.ControllerActionInvoker.Next(State& next, Scope& scope, Object& state, Boolean& isCompleted)
   at Microsoft.AspNetCore.Mvc.Infrastructure.ControllerActionInvoker.InvokeNextActionFilterAsync()
--- End of stack trace from previous location where exception was thrown ---
   at Microsoft.AspNetCore.Mvc.Infrastructure.ControllerActionInvoker.Rethrow(ActionExecutedContextSealed context)
   at Microsoft.AspNetCore.Mvc.Infrastructure.ControllerActionInvoker.Next(State& next, Scope& scope, Object& state, Boolean& isCompleted)
   at Microsoft.AspNetCore.Mvc.Infrastructure.ControllerActionInvoker.InvokeInnerFilterAsync()
--- End of stack trace from previous location where exception was thrown ---
   at Microsoft.AspNetCore.Mvc.Infrastructure.ResourceInvoker.<InvokeFilterPipelineAsync>g__Awaited|19_0(ResourceInvoker invoker, Task lastTask, State next, Scope scope, Object state, Boolean isCompleted)
   at Microsoft.AspNetCore.Mvc.Infrastructure.ResourceInvoker.<InvokeAsync>g__Awaited|17_0(ResourceInvoker invoker, Task task, IDisposable scope)
   at Microsoft.AspNetCore.Routing.EndpointMiddleware.<Invoke>g__AwaitRequestTask|6_0(Endpoint endpoint, Task requestTask, ILogger logger)
   at Microsoft.AspNetCore.Authorization.AuthorizationMiddleware.Invoke(HttpContext context)
   at Swashbuckle.AspNetCore.SwaggerUI.SwaggerUIMiddleware.Invoke(HttpContext httpContext)
   at Swashbuckle.AspNetCore.Swagger.SwaggerMiddleware.Invoke(HttpContext httpContext, ISwaggerProvider swaggerProvider)
   at Microsoft.AspNetCore.Diagnostics.DeveloperExceptionPageMiddleware.Invoke(HttpContext context)
INFO  05:25:10  Got Customer Account
INFO  07:50:02 Application started. Press Ctrl+C to shut down.
INFO  07:50:02 Application started. Press Ctrl+C to shut down.
INFO  07:50:02 Hosting environment: Development
INFO  07:50:02 Hosting environment: Development
INFO  07:50:02 Content root path: C:\Users\Shruti Kumari\Desktop\MyProject\AccFol\AccountMicroservice
INFO  07:50:02 Content root path: C:\Users\Shruti Kumari\Desktop\MyProject\AccFol\AccountMicroservice
INFO  08:03:34 Application started. Press Ctrl+C to shut down.
INFO  08:03:34 Application started. Press Ctrl+C to shut down.
INFO  08:03:34 Hosting environment: Development
INFO  08:03:34 Hosting environment: Development
INFO  08:03:34 Content root path: C:\Users\Shruti Kumari\Desktop\MyProject\AccFol\AccountMicroservice
INFO  08:03:34 Content root path: C:\Users\Shruti Kumari\Desktop\MyProject\AccFol\AccountMicroservice
INFO  08:10:53 Application started. Press Ctrl+C to shut down.
INFO  08:10:53 Application started. Press Ctrl+C to shut down.
INFO  08:10:53 Hosting environment: Development
INFO  08:10:53 Hosting environment: Development
INFO  08:10:53 Content root path: C:\Users\Shruti Kumari\Desktop\MyProject\AccFol\AccountMicroservice
INFO  08:10:53 Content root path: C:\Users\Shruti Kumari\Desktop\MyProject\AccFol\AccountMicroservice
INFO  08:12:47 Application started. Press Ctrl+C to shut down.
INFO  08:12:47 Application started. Press Ctrl+C to shut down.
INFO  08:12:47 Hosting environment: Development
INFO  08:12:47 Hosting environment: Development
INFO  08:12:47 Content root path: C:\Users\Shruti Kumari\Desktop\MyProject\AccFol\AccountMicroservice
INFO  08:12:47 Content root path: C:\Users\Shruti Kumari\Desktop\MyProject\AccFol\AccountMicroservice
INFO  09:11:56 Application started. Press Ctrl+C to shut down.
INFO  09:11:56 Application started. Press Ctrl+C to shut down.
INFO  09:11:56 Hosting environment: Development
INFO  09:11:56 Hosting environment: Development
INFO  09:11:56 Content root path: C:\Users\Shruti Kumari\Desktop\MyProject\AccFol\AccountMicroservice
INFO  09:11:56 Content root path: C:\Users\Shruti Kumari\Desktop\MyProject\AccFol\AccountMicroservice
INFO  09:12:26  Got Customer Account
INFO  09:12:43  Amount Deposited 
INFO  09:35:27 Application started. Press Ctrl+C to shut down.
INFO  09:35:27 Application started. Press Ctrl+C to shut down.
INFO  09:35:27 Hosting environment: Development
INFO  09:35:27 Hosting environment: Development
INFO  09:35:27 Content root path: C:\Users\Shruti Kumari\Desktop\MyProject\AccFol\AccountMicroservice
INFO  09:35:27 Content root path: C:\Users\Shruti Kumari\Desktop\MyProject\AccFol\AccountMicroservice
INFO  09:35:52  Got Customer Account
INFO  09:36:10 Amount Withdrawn
INFO  09:38:45 Application started. Press Ctrl+C to shut down.
INFO  09:38:45 Application started. Press Ctrl+C to shut down.
INFO  09:38:45 Hosting environment: Development
INFO  09:38:45 Hosting environment: Development
INFO  09:38:45 Content root path: C:\Users\Shruti Kumari\Desktop\MyProject\AccFol\AccountMicroservice
INFO  09:38:45 Content root path: C:\Users\Shruti Kumari\Desktop\MyProject\AccFol\AccountMicroservice
INFO  09:39:00  Got Customer Account
INFO  09:39:18 Amount Withdrawn
INFO  09:55:43 Application started. Press Ctrl+C to shut down.
INFO  09:55:43 Application started. Press Ctrl+C to shut down.
INFO  09:55:43 Hosting environment: Development
INFO  09:55:43 Hosting environment: Development
INFO  09:55:43 Content root path: C:\Users\Shruti Kumari\Desktop\MyProject\AccFol\AccountMicroservice
INFO  09:55:43 Content root path: C:\Users\Shruti Kumari\Desktop\MyProject\AccFol\AccountMicroservice
INFO  09:55:52  Got Customer Account
INFO  09:56:09 Amount Withdrawn
INFO  09:56:19 Amount Withdrawn
INFO  09:56:38  Got Customer Account
INFO  09:59:34 Application started. Press Ctrl+C to shut down.
INFO  09:59:34 Application started. Press Ctrl+C to shut down.
INFO  09:59:34 Hosting environment: Development
INFO  09:59:34 Hosting environment: Development
INFO  09:59:34 Content root path: C:\Users\Shruti Kumari\Desktop\MyProject\AccFol\AccountMicroservice
INFO  09:59:34 Content root path: C:\Users\Shruti Kumari\Desktop\MyProject\AccFol\AccountMicroservice
INFO  09:59:45  Got Customer Account
INFO  10:00:05 Amount Withdrawn
INFO  10:00:13  Got Customer Account
INFO  10:01:58 Application started. Press Ctrl+C to shut down.
INFO  10:01:58 Application started. Press Ctrl+C to shut down.
INFO  10:01:58 Hosting environment: Development
INFO  10:01:58 Hosting environment: Development
INFO  10:01:58 Content root path: C:\Users\Shruti Kumari\Desktop\MyProject\AccFol\AccountMicroservice
INFO  10:01:58 Content root path: C:\Users\Shruti Kumari\Desktop\MyProject\AccFol\AccountMicroservice
INFO  10:02:08  Got Customer Account
INFO  10:02:29 Amount Withdrawn
INFO  10:02:36  Got Customer Account
INFO  10:06:45 Application started. Press Ctrl+C to shut down.
INFO  10:06:45 Application started. Press Ctrl+C to shut down.
INFO  10:06:45 Hosting environment: Development
INFO  10:06:45 Hosting environment: Development
INFO  10:06:45 Content root path: C:\Users\Shruti Kumari\Desktop\MyProject\AccFol\AccountMicroservice
INFO  10:06:45 Content root path: C:\Users\Shruti Kumari\Desktop\MyProject\AccFol\AccountMicroservice
INFO  10:06:55  Getting Account Info
INFO  10:07:57 Application started. Press Ctrl+C to shut down.
INFO  10:07:57 Application started. Press Ctrl+C to shut down.
INFO  10:07:57 Hosting environment: Development
INFO  10:07:57 Hosting environment: Development
INFO  10:07:57 Content root path: C:\Users\Shruti Kumari\Desktop\MyProject\AccFol\AccountMicroservice
INFO  10:07:57 Content root path: C:\Users\Shruti Kumari\Desktop\MyProject\AccFol\AccountMicroservice
INFO  10:08:07  Got Customer Account
INFO  10:08:32 Amount Withdrawn
INFO  10:08:38  Got Customer Account
INFO  10:11:22 Application started. Press Ctrl+C to shut down.
INFO  10:11:22 Application started. Press Ctrl+C to shut down.
INFO  10:11:22 Hosting environment: Development
INFO  10:11:22 Hosting environment: Development
INFO  10:11:22 Content root path: C:\Users\Shruti Kumari\Desktop\MyProject\AccFol\AccountMicroservice
INFO  10:11:22 Content root path: C:\Users\Shruti Kumari\Desktop\MyProject\AccFol\AccountMicroservice
INFO  10:11:38  Got Customer Account
INFO  10:12:06 Amount Withdrawn
INFO  10:12:14  Got Customer Account
INFO  10:12:17  Got Customer Account
INFO  10:12:26 Amount Withdrawn
INFO  10:12:31  Got Customer Account
INFO  10:13:18 Application started. Press Ctrl+C to shut down.
INFO  10:13:18 Application started. Press Ctrl+C to shut down.
INFO  10:13:18 Hosting environment: Development
INFO  10:13:18 Hosting environment: Development
INFO  10:13:18 Content root path: C:\Users\Shruti Kumari\Desktop\MyProject\AccFol\AccountMicroservice
INFO  10:13:18 Content root path: C:\Users\Shruti Kumari\Desktop\MyProject\AccFol\AccountMicroservice
INFO  10:13:28  Got Customer Account
INFO  10:13:43 Amount Withdrawn
INFO  10:13:48  Got Customer Account
